<?xml version="1.0" encoding="UTF-8"?>
<testng-results ignored="0" total="1" passed="1" failed="0" skipped="0">
  <reporter-output>
  </reporter-output>
  <suite started-at="2023-03-10T20:24:49 IST" name="Suite" finished-at="2023-03-10T20:24:55 IST" duration-ms="6712">
    <groups>
    </groups>
    <test started-at="2023-03-10T20:24:49 IST" name="Test" finished-at="2023-03-10T20:24:55 IST" duration-ms="6712">
      <class name="test1.ParameterFromMVNCommand">
        <test-method signature="test1_1(java.lang.String)[pri:0, instance:test1.ParameterFromMVNCommand@74751b3]" started-at="2023-03-10T20:24:49 IST" name="test1_1" finished-at="2023-03-10T20:24:55 IST" duration-ms="6671" status="PASS">
          <params>
            <param index="0">
              <value>
                <![CDATA[chrome]]>
              </value>
            </param>
          </params>
          <reporter-output>
          </reporter-output>
        </test-method> <!-- test1_1 -->
      </class> <!-- test1.ParameterFromMVNCommand -->
    </test> <!-- Test -->
  </suite> <!-- Suite -->
</testng-results>
